2020-08-15 19:11:04,679:root:Attempting to initilize bot core.
2020-08-15 19:11:04,679:root:REST: Initilizing the REST api.
2020-08-15 19:11:04,679:urllib3.connectionpool:Starting new HTTPS connection (1): www.binance.com:443
2020-08-15 19:11:05,180:urllib3.connectionpool:https://www.binance.com:443 "GET /api/v1/ping HTTP/1.1" 200 2
2020-08-15 19:11:05,180:root:REST: Getting market summary.
2020-08-15 19:11:05,180:root:REST: Attempting request: [https://www.binance.com/api/v1/ticker/24hr?symbol=BTCUSDT]
2020-08-15 19:11:05,180:urllib3.connectionpool:Starting new HTTPS connection (1): www.binance.com:443
2020-08-15 19:11:05,647:urllib3.connectionpool:https://www.binance.com:443 "GET /api/v1/ticker/24hr?symbol=BTCUSDT HTTP/1.1" 200 293
2020-08-15 19:11:05,647:root:Created bot core object.
2020-08-15 19:11:05,647:root:Starting the bot core.
2020-08-15 19:11:05,647:root:REST: Getting market rules.
2020-08-15 19:11:05,647:root:REST: Attempting request: [https://www.binance.com/api/v1/exchangeInfo]
2020-08-15 19:11:05,662:urllib3.connectionpool:Starting new HTTPS connection (1): www.binance.com:443
2020-08-15 19:11:06,584:urllib3.connectionpool:https://www.binance.com:443 "GET /api/v1/exchangeInfo HTTP/1.1" 200 29267
2020-08-15 19:11:06,917:root:Started bot core.
2020-08-15 19:11:06,986:root:SOCKET: Setting up buffer.
2020-08-15 19:11:06,986:root:SOCKET: Setting up socket stream URL.
2020-08-15 19:11:06,986:root:SOCKET: Setting up socket connection.
2020-08-15 19:11:07,989:root:SOCKET: Websocket Opened.
2020-08-15 19:11:11,993:root:SOCKET: Sucessfully established the socket.
2020-08-15 19:11:23,245:root:Attempting to initilize bot core.
2020-08-15 19:11:23,245:root:REST: Initilizing the REST api.
2020-08-15 19:11:23,245:urllib3.connectionpool:Starting new HTTPS connection (1): www.binance.com:443
2020-08-15 19:11:23,714:urllib3.connectionpool:https://www.binance.com:443 "GET /api/v1/ping HTTP/1.1" 200 2
2020-08-15 19:11:23,714:root:REST: Getting market summary.
2020-08-15 19:11:23,714:root:REST: Attempting request: [https://www.binance.com/api/v1/ticker/24hr?symbol=BTCUSDT]
2020-08-15 19:11:23,714:urllib3.connectionpool:Starting new HTTPS connection (1): www.binance.com:443
2020-08-15 19:11:24,162:urllib3.connectionpool:https://www.binance.com:443 "GET /api/v1/ticker/24hr?symbol=BTCUSDT HTTP/1.1" 200 299
2020-08-15 19:11:24,162:root:Created bot core object.
2020-08-15 19:11:24,162:root:Starting the bot core.
2020-08-15 19:11:24,162:root:REST: Getting market rules.
2020-08-15 19:11:24,162:root:REST: Attempting request: [https://www.binance.com/api/v1/exchangeInfo]
2020-08-15 19:11:24,162:urllib3.connectionpool:Starting new HTTPS connection (1): www.binance.com:443
2020-08-15 19:11:24,619:urllib3.connectionpool:https://www.binance.com:443 "GET /api/v1/exchangeInfo HTTP/1.1" 200 29248
2020-08-15 19:11:24,720:root:Started bot core.
2020-08-15 19:11:24,836:root:SOCKET: Setting up buffer.
2020-08-15 19:11:24,836:root:SOCKET: Setting up socket stream URL.
2020-08-15 19:11:24,836:root:SOCKET: Setting up socket connection.
2020-08-15 19:11:25,792:root:SOCKET: Websocket Opened.
2020-08-15 19:11:29,845:root:SOCKET: Sucessfully established the socket.
2020-08-15 19:23:11,811:root:Attempting to initilize bot core.
2020-08-15 19:23:11,838:root:REST: Initilizing the REST api.
2020-08-15 19:23:11,865:urllib3.connectionpool:Starting new HTTPS connection (1): www.binance.com:443
2020-08-15 19:23:12,497:urllib3.connectionpool:https://www.binance.com:443 "GET /api/v1/ping HTTP/1.1" 200 2
2020-08-15 19:23:12,500:root:REST: Getting market summary.
2020-08-15 19:23:12,500:root:REST: Attempting request: [https://www.binance.com/api/v1/ticker/24hr?symbol=BTCUSDT]
2020-08-15 19:23:12,503:urllib3.connectionpool:Starting new HTTPS connection (1): www.binance.com:443
2020-08-15 19:23:13,475:urllib3.connectionpool:https://www.binance.com:443 "GET /api/v1/ticker/24hr?symbol=BTCUSDT HTTP/1.1" 200 299
2020-08-15 19:23:13,478:root:Created bot core object.
2020-08-15 19:23:13,478:root:Starting the bot core.
2020-08-15 19:23:13,478:root:REST: Getting market rules.
2020-08-15 19:23:13,479:root:REST: Attempting request: [https://www.binance.com/api/v1/exchangeInfo]
2020-08-15 19:23:13,482:urllib3.connectionpool:Starting new HTTPS connection (1): www.binance.com:443
2020-08-15 19:23:13,971:urllib3.connectionpool:https://www.binance.com:443 "GET /api/v1/exchangeInfo HTTP/1.1" 200 29306
2020-08-15 19:23:14,146:root:SOCKET: Setting up buffer.
2020-08-15 19:23:14,146:root:SOCKET: Setting up socket stream URL.
2020-08-15 19:23:14,146:root:SOCKET: Setting up socket connection.
2020-08-15 19:23:14,152:root:Started bot core.
2020-08-15 19:23:17,572:root:SOCKET: Websocket Opened.
2020-08-15 19:23:19,159:root:SOCKET: Sucessfully established the socket.
2020-08-15 19:24:11,879:root:Attempting to initilize bot core.
2020-08-15 19:24:11,880:root:REST: Initilizing the REST api.
2020-08-15 19:24:11,884:urllib3.connectionpool:Starting new HTTPS connection (1): www.binance.com:443
2020-08-15 19:24:12,374:urllib3.connectionpool:https://www.binance.com:443 "GET /api/v1/ping HTTP/1.1" 200 2
2020-08-15 19:24:12,376:root:REST: Getting market summary.
2020-08-15 19:24:12,377:root:REST: Attempting request: [https://www.binance.com/api/v1/ticker/24hr?symbol=BTCUSDT]
2020-08-15 19:24:12,379:urllib3.connectionpool:Starting new HTTPS connection (1): www.binance.com:443
2020-08-15 19:24:12,984:urllib3.connectionpool:https://www.binance.com:443 "GET /api/v1/ticker/24hr?symbol=BTCUSDT HTTP/1.1" 200 296
2020-08-15 19:24:12,987:root:Created bot core object.
2020-08-15 19:24:12,987:root:Starting the bot core.
2020-08-15 19:24:12,987:root:REST: Getting market rules.
2020-08-15 19:24:12,987:root:REST: Attempting request: [https://www.binance.com/api/v1/exchangeInfo]
2020-08-15 19:24:12,990:urllib3.connectionpool:Starting new HTTPS connection (1): www.binance.com:443
2020-08-15 19:24:13,462:urllib3.connectionpool:https://www.binance.com:443 "GET /api/v1/exchangeInfo HTTP/1.1" 200 29336
2020-08-15 19:24:13,565:root:SOCKET: Setting up buffer.
2020-08-15 19:24:13,565:root:SOCKET: Setting up socket stream URL.
2020-08-15 19:24:13,565:root:Started bot core.
2020-08-15 19:24:13,565:root:SOCKET: Setting up socket connection.
2020-08-15 19:24:14,516:root:SOCKET: Websocket Opened.
2020-08-15 19:24:18,567:root:SOCKET: Sucessfully established the socket.
2020-08-15 19:28:54,117:root:Attempting to initilize bot core.
2020-08-15 19:28:54,117:root:REST: Initilizing the REST api.
2020-08-15 19:28:54,205:urllib3.connectionpool:Starting new HTTPS connection (1): www.binance.com:443
2020-08-15 19:28:56,320:urllib3.connectionpool:https://www.binance.com:443 "GET /api/v1/ping HTTP/1.1" 200 2
2020-08-15 19:28:56,323:root:REST: Getting market summary.
2020-08-15 19:28:56,324:root:REST: Attempting request: [https://www.binance.com/api/v1/ticker/24hr?symbol=BTCUSDT]
2020-08-15 19:28:56,327:urllib3.connectionpool:Starting new HTTPS connection (1): www.binance.com:443
2020-08-15 19:28:56,749:urllib3.connectionpool:https://www.binance.com:443 "GET /api/v1/ticker/24hr?symbol=BTCUSDT HTTP/1.1" 200 300
2020-08-15 19:28:56,765:root:Created bot core object.
2020-08-15 19:28:56,766:root:Starting the bot core.
2020-08-15 19:28:56,766:root:REST: Getting market rules.
2020-08-15 19:28:56,766:root:REST: Attempting request: [https://www.binance.com/api/v1/exchangeInfo]
2020-08-15 19:28:56,769:urllib3.connectionpool:Starting new HTTPS connection (1): www.binance.com:443
2020-08-15 19:28:57,198:urllib3.connectionpool:https://www.binance.com:443 "GET /api/v1/exchangeInfo HTTP/1.1" 200 29308
2020-08-15 19:28:57,535:root:SOCKET: Setting up buffer.
2020-08-15 19:28:57,535:root:SOCKET: Setting up socket stream URL.
2020-08-15 19:28:57,535:root:SOCKET: Setting up socket connection.
2020-08-15 19:28:57,536:root:Started bot core.
2020-08-15 19:30:44,655:root:Attempting to initilize bot core.
2020-08-15 19:30:44,656:root:REST: Initilizing the REST api.
2020-08-15 19:30:44,660:urllib3.connectionpool:Starting new HTTPS connection (1): www.binance.com:443
2020-08-15 19:30:45,155:urllib3.connectionpool:https://www.binance.com:443 "GET /api/v1/ping HTTP/1.1" 200 2
2020-08-15 19:30:45,158:root:REST: Getting market summary.
2020-08-15 19:30:45,158:root:REST: Attempting request: [https://www.binance.com/api/v1/ticker/24hr?symbol=BTCUSDT]
2020-08-15 19:30:45,161:urllib3.connectionpool:Starting new HTTPS connection (1): www.binance.com:443
2020-08-15 19:30:45,614:urllib3.connectionpool:https://www.binance.com:443 "GET /api/v1/ticker/24hr?symbol=BTCUSDT HTTP/1.1" 200 293
2020-08-15 19:30:45,617:root:Created bot core object.
2020-08-15 19:30:45,618:root:Starting the bot core.
2020-08-15 19:30:45,618:root:REST: Getting market rules.
2020-08-15 19:30:45,618:root:REST: Attempting request: [https://www.binance.com/api/v1/exchangeInfo]
2020-08-15 19:30:45,621:urllib3.connectionpool:Starting new HTTPS connection (1): www.binance.com:443
2020-08-15 19:30:46,551:urllib3.connectionpool:https://www.binance.com:443 "GET /api/v1/exchangeInfo HTTP/1.1" 200 29308
2020-08-15 19:30:46,882:root:SOCKET: Setting up buffer.
2020-08-15 19:30:46,883:root:SOCKET: Setting up socket stream URL.
2020-08-15 19:30:46,883:root:Started bot core.
2020-08-15 19:30:46,883:root:SOCKET: Setting up socket connection.
2020-08-15 19:30:48,859:root:SOCKET: Websocket Opened.
2020-08-15 19:30:51,885:root:SOCKET: Sucessfully established the socket.
2020-08-15 19:31:21,767:root:Attempting to initilize bot core.
2020-08-15 19:31:21,767:root:REST: Initilizing the REST api.
2020-08-15 19:31:21,772:urllib3.connectionpool:Starting new HTTPS connection (1): www.binance.com:443
2020-08-15 19:31:22,221:urllib3.connectionpool:https://www.binance.com:443 "GET /api/v1/ping HTTP/1.1" 200 2
2020-08-15 19:31:22,224:root:REST: Getting market summary.
2020-08-15 19:31:22,224:root:REST: Attempting request: [https://www.binance.com/api/v1/ticker/24hr?symbol=BTCUSDT]
2020-08-15 19:31:22,226:urllib3.connectionpool:Starting new HTTPS connection (1): www.binance.com:443
2020-08-15 19:31:22,688:urllib3.connectionpool:https://www.binance.com:443 "GET /api/v1/ticker/24hr?symbol=BTCUSDT HTTP/1.1" 200 298
2020-08-15 19:31:22,690:root:Created bot core object.
2020-08-15 19:31:22,691:root:Starting the bot core.
2020-08-15 19:31:22,691:root:REST: Getting market rules.
2020-08-15 19:31:22,691:root:REST: Attempting request: [https://www.binance.com/api/v1/exchangeInfo]
2020-08-15 19:31:22,694:urllib3.connectionpool:Starting new HTTPS connection (1): www.binance.com:443
2020-08-15 19:31:23,159:urllib3.connectionpool:https://www.binance.com:443 "GET /api/v1/exchangeInfo HTTP/1.1" 200 29345
2020-08-15 19:31:23,245:root:SOCKET: Setting up buffer.
2020-08-15 19:31:23,245:root:SOCKET: Setting up socket stream URL.
2020-08-15 19:31:23,246:root:Started bot core.
2020-08-15 19:31:23,246:root:SOCKET: Setting up socket connection.
2020-08-15 19:31:24,263:root:SOCKET: Websocket Opened.
2020-08-15 19:31:28,247:root:SOCKET: Sucessfully established the socket.
